<?xml version="1.0" encoding="UTF-8"?>
<!-- Generated by org.testng.reporters.JUnitReportReporter -->
<testsuite hostname="DESKTOP-JCNBK9Q" failures="0" tests="2" name="testscript.ManageContactTest" time="6.113" errors="0" timestamp="2025-09-12T11:48:55 IST" skipped="0">
  <testcase classname="testscript.ManageContactTest" name="validateUpdateBtnInManageContact" time="2.238"/>
  <testcase classname="testscript.ManageContactTest" name="verifyUserisAbleToAccessManageContactPage" time="3.875"/>
</testsuite> <!-- testscript.ManageContactTest -->
