<?xml version="1.0" encoding="UTF-8"?>
<!-- Generated by org.testng.reporters.JUnitReportReporter -->
<testsuite hostname="DESKTOP-JCNBK9Q" failures="0" tests="9" name="testscript.LoginTest" time="68.853" errors="0" timestamp="2025-09-11T08:43:32 IST" skipped="1">
  <testcase classname="testscript.LoginTest" name="verifyUserIsAbletoLoginUsingInvalidPassword" time="1.994"/>
  <testcase classname="testscript.LoginTest" name="verifyUserisAbleToLoginWithInvalidUsername" time="2.141"/>
  <testcase classname="testscript.LoginTest" name="verifyUserIsAbleToLoginUsingValidCredentials" time="2.032"/>
  <testcase classname="testscript.LoginTest" name="verifyUserisAbleToLoginWithInvalidUsername" time="10.327"/>
  <testcase classname="testscript.LoginTest" name="verifyUserIsAbleToLoginUsingValidCredentials" time="14.312"/>
  <testcase classname="testscript.LoginTest" name="verifyUserIsAbleToLoginUsingInvalidCredentials" time="10.349"/>
  <testcase classname="testscript.LoginTest" name="verifyUserIsAbletoLoginUsingInvalidPassword" time="12.876">
    <skipped/>
  </testcase> <!-- verifyUserIsAbletoLoginUsingInvalidPassword -->
  <testcase classname="testscript.LoginTest" name="verifyUserIsAbleToLoginUsingInvalidCredentials" time="2.029"/>
  <testcase classname="testscript.LoginTest" name="verifyUserIsAbletoLoginUsingInvalidPassword" time="12.793"/>
</testsuite> <!-- testscript.LoginTest -->
