<?xml version="1.0" encoding="UTF-8"?>
<!-- Generated by org.testng.reporters.JUnitReportReporter -->
<testsuite hostname="DESKTOP-JCNBK9Q" failures="0" tests="2" name="testscript.ManageFooterTest" time="5.061" errors="0" timestamp="2025-09-12T11:48:55 IST" skipped="0">
  <testcase classname="testscript.ManageFooterTest" name="validateUpdatebtnInManageFooterPage" time="2.258"/>
  <testcase classname="testscript.ManageFooterTest" name="verifyUserIsAbletoAccessManageFooterPage" time="2.803"/>
</testsuite> <!-- testscript.ManageFooterTest -->
