<?xml version="1.0" encoding="UTF-8"?>
<!-- Generated by org.testng.reporters.JUnitReportReporter -->
<testsuite hostname="DESKTOP-JCNBK9Q" failures="0" tests="2" name="testscript.ManageFooterTest" time="6.895" errors="0" timestamp="2025-09-18T18:37:06 IST" skipped="0">
  <testcase classname="testscript.ManageFooterTest" name="validateUpdatebtnInManageFooterPage" time="2.950"/>
  <testcase classname="testscript.ManageFooterTest" name="verifyUserIsAbletoAccessManageFooterPage" time="3.945"/>
</testsuite> <!-- testscript.ManageFooterTest -->
