<?xml version="1.0" encoding="UTF-8"?>
<!-- Generated by org.testng.reporters.JUnitReportReporter -->
<testsuite hostname="DESKTOP-JCNBK9Q" failures="0" tests="1" name="testscript.AdminUserTest" time="7.205" errors="0" timestamp="2025-09-19T15:10:38 IST" skipped="0">
  <testcase classname="testscript.AdminUserTest" name="verifyUserIsAbletoClickAdminUser" time="7.205"/>
</testsuite> <!-- testscript.AdminUserTest -->
