<?xml version="1.0" encoding="UTF-8"?>
<!-- Generated by org.testng.reporters.JUnitReportReporter -->
<testsuite hostname="DESKTOP-JCNBK9Q" failures="0" tests="2" name="testscript.ManageNewsUpdateTest" time="6.219" errors="0" timestamp="2025-09-17T20:35:42 IST" skipped="1">
  <testcase classname="testscript.ManageNewsUpdateTest" name="validateSaveBtnInManageNews" time="2.696">
    <skipped/>
  </testcase> <!-- validateSaveBtnInManageNews -->
  <testcase classname="testscript.ManageNewsUpdateTest" name="validateSaveBtnInManageNews" time="3.523"/>
</testsuite> <!-- testscript.ManageNewsUpdateTest -->
