<?xml version="1.0" encoding="UTF-8"?>
<!-- Generated by org.testng.reporters.JUnitReportReporter -->
<testsuite hostname="DESKTOP-JCNBK9Q" failures="0" tests="2" name="testscript.AdminUserTest" time="14.638" errors="0" timestamp="2025-09-11T11:26:58 IST" skipped="1">
  <testcase classname="testscript.AdminUserTest" name="verifyUserIsAbletoClickAdminUser" time="7.424">
    <skipped/>
  </testcase> <!-- verifyUserIsAbletoClickAdminUser -->
  <testcase classname="testscript.AdminUserTest" name="verifyUserIsAbletoClickAdminUser" time="7.214"/>
</testsuite> <!-- testscript.AdminUserTest -->
