<?xml version="1.0" encoding="UTF-8"?>
<!-- Generated by org.testng.reporters.JUnitReportReporter -->
<testsuite hostname="DESKTOP-JCNBK9Q" failures="0" tests="2" name="testscript.AdminUserTest" time="6.300" errors="0" timestamp="2025-09-10T22:57:29 IST" skipped="1">
  <testcase classname="testscript.AdminUserTest" name="verifyUserIsAbletoClickAdminUser" time="3.173"/>
  <testcase classname="testscript.AdminUserTest" name="verifyUserIsAbletoClickAdminUser" time="3.127">
    <skipped/>
  </testcase> <!-- verifyUserIsAbletoClickAdminUser -->
</testsuite> <!-- testscript.AdminUserTest -->
