<?xml version="1.0" encoding="UTF-8"?>
<!-- Generated by org.testng.reporters.JUnitReportReporter -->
<testsuite hostname="DESKTOP-JCNBK9Q" failures="0" tests="2" name="testscript.ManageCategoryTest" time="22.990" errors="0" timestamp="2025-09-11T08:43:32 IST" skipped="0">
  <testcase classname="testscript.ManageCategoryTest" name="verifyuserIsAbleToAccessManageCategoryPage" time="17.879"/>
  <testcase classname="testscript.ManageCategoryTest" name="verifyuserIsAbleToAccessManageCategoryPage" time="5.111"/>
</testsuite> <!-- testscript.ManageCategoryTest -->
