<?xml version="1.0" encoding="UTF-8"?>
<!-- Generated by org.testng.reporters.JUnitReportReporter -->
<testsuite hostname="DESKTOP-JCNBK9Q" failures="0" tests="1" name="testscript.LogOutTest" time="2.859" errors="0" timestamp="2025-09-18T18:37:06 IST" skipped="0">
  <testcase classname="testscript.LogOutTest" name="verifyUserisAbleToLout" time="2.859"/>
</testsuite> <!-- testscript.LogOutTest -->
