<?xml version="1.0" encoding="UTF-8"?>
<!-- Generated by org.testng.reporters.JUnitReportReporter -->
<testsuite hostname="DESKTOP-JCNBK9Q" failures="0" tests="5" name="testscript.ManageContactTest" time="20.584" errors="0" timestamp="2025-09-19T14:53:01 IST" skipped="1">
  <testcase classname="testscript.ManageContactTest" name="validateUpdateBtnInManageContact" time="3.967"/>
  <testcase classname="testscript.ManageContactTest" name="validateUpdateBtnInManageContact" time="1.929">
    <skipped/>
  </testcase> <!-- validateUpdateBtnInManageContact -->
  <testcase classname="testscript.ManageContactTest" name="validateUpdateBtnInManageContact" time="3.151"/>
  <testcase classname="testscript.ManageContactTest" name="verifyUserisAbleToAccessManageContactPage" time="5.572"/>
  <testcase classname="testscript.ManageContactTest" name="verifyUserisAbleToAccessManageContactPage" time="5.965"/>
</testsuite> <!-- testscript.ManageContactTest -->
