<?xml version="1.0" encoding="UTF-8"?>
<!-- Generated by org.testng.reporters.JUnitReportReporter -->
<testsuite hostname="DESKTOP-JCNBK9Q" failures="0" tests="5" name="testscript.ManageFooterTest" time="18.726" errors="0" timestamp="2025-09-19T15:11:16 IST" skipped="1">
  <testcase classname="testscript.ManageFooterTest" name="verifyUserIsAbletoAccessManageFooterPage" time="4.514"/>
  <testcase classname="testscript.ManageFooterTest" name="validateUpdatebtnInManageFooterPage" time="3.258"/>
  <testcase classname="testscript.ManageFooterTest" name="validateUpdatebtnInManageFooterPage" time="2.128">
    <skipped/>
  </testcase> <!-- validateUpdatebtnInManageFooterPage -->
  <testcase classname="testscript.ManageFooterTest" name="verifyUserIsAbletoAccessManageFooterPage" time="4.075"/>
  <testcase classname="testscript.ManageFooterTest" name="validateUpdatebtnInManageFooterPage" time="4.751"/>
</testsuite> <!-- testscript.ManageFooterTest -->
