<?xml version="1.0" encoding="UTF-8"?>
<!-- Generated by org.testng.reporters.JUnitReportReporter -->
<testsuite hostname="DESKTOP-JCNBK9Q" failures="0" tests="4" name="testscript.LoginTest" time="8.760" errors="0" timestamp="2025-09-18T18:37:06 IST" skipped="0">
  <testcase classname="testscript.LoginTest" name="verifyUserIsAbleToLoginUsingInvalidCredentials" time="2.150"/>
  <testcase classname="testscript.LoginTest" name="verifyUserIsAbleToLoginUsingValidCredentials" time="2.322"/>
  <testcase classname="testscript.LoginTest" name="verifyUserIsAbletoLoginUsingInvalidPassword" time="2.145"/>
  <testcase classname="testscript.LoginTest" name="verifyUserisAbleToLoginWithInvalidUsername" time="2.143"/>
</testsuite> <!-- testscript.LoginTest -->
