<?xml version="1.0" encoding="UTF-8"?>
<!-- Generated by org.testng.reporters.JUnitReportReporter -->
<testsuite hostname="DESKTOP-JCNBK9Q" failures="0" tests="4" name="testscript.ManageContactTest" time="35.109" errors="0" timestamp="2025-09-11T08:43:32 IST" skipped="0">
  <testcase classname="testscript.ManageContactTest" name="verifyUserisAbleToAccessManageContactPage" time="14.081"/>
  <testcase classname="testscript.ManageContactTest" name="verifyUserisAbleToAccessManageContactPage" time="4.071"/>
  <testcase classname="testscript.ManageContactTest" name="validateUpdateBtnInManageContact" time="3.053"/>
  <testcase classname="testscript.ManageContactTest" name="validateUpdateBtnInManageContact" time="13.904"/>
</testsuite> <!-- testscript.ManageContactTest -->
