<?xml version="1.0" encoding="UTF-8"?>
<!-- Generated by org.testng.reporters.JUnitReportReporter -->
<testsuite hostname="DESKTOP-JCNBK9Q" failures="0" tests="5" name="testscript.ManageFooterTest" time="19.102" errors="0" timestamp="2025-09-19T14:53:01 IST" skipped="1">
  <testcase classname="testscript.ManageFooterTest" name="validateUpdatebtnInManageFooterPage" time="5.060"/>
  <testcase classname="testscript.ManageFooterTest" name="validateUpdatebtnInManageFooterPage" time="3.053"/>
  <testcase classname="testscript.ManageFooterTest" name="validateUpdatebtnInManageFooterPage" time="2.011">
    <skipped/>
  </testcase> <!-- validateUpdatebtnInManageFooterPage -->
  <testcase classname="testscript.ManageFooterTest" name="verifyUserIsAbletoAccessManageFooterPage" time="4.543"/>
  <testcase classname="testscript.ManageFooterTest" name="verifyUserIsAbletoAccessManageFooterPage" time="4.435"/>
</testsuite> <!-- testscript.ManageFooterTest -->
