<?xml version="1.0" encoding="UTF-8"?>
<!-- Generated by org.testng.reporters.JUnitReportReporter -->
<testsuite hostname="DESKTOP-JCNBK9Q" failures="0" tests="5" name="testscript.ManageContactTest" time="19.991" errors="0" timestamp="2025-09-19T15:11:16 IST" skipped="1">
  <testcase classname="testscript.ManageContactTest" name="validateUpdateBtnInManageContact" time="4.165"/>
  <testcase classname="testscript.ManageContactTest" name="verifyUserisAbleToAccessManageContactPage" time="5.404"/>
  <testcase classname="testscript.ManageContactTest" name="validateUpdateBtnInManageContact" time="3.141"/>
  <testcase classname="testscript.ManageContactTest" name="verifyUserisAbleToAccessManageContactPage" time="4.630"/>
  <testcase classname="testscript.ManageContactTest" name="validateUpdateBtnInManageContact" time="2.651">
    <skipped/>
  </testcase> <!-- validateUpdateBtnInManageContact -->
</testsuite> <!-- testscript.ManageContactTest -->
