<?xml version="1.0" encoding="UTF-8"?>
<!-- Generated by org.testng.reporters.JUnitReportReporter -->
<testsuite hostname="DESKTOP-JCNBK9Q" failures="0" tests="4" name="testscript.ManageFooterTest" time="35.217" errors="0" timestamp="2025-09-11T08:43:32 IST" skipped="0">
  <testcase classname="testscript.ManageFooterTest" name="validateUpdatebtnInManageFooterPage" time="2.791"/>
  <testcase classname="testscript.ManageFooterTest" name="verifyUserIsAbletoAccessManageFooterPage" time="3.884"/>
  <testcase classname="testscript.ManageFooterTest" name="verifyUserIsAbletoAccessManageFooterPage" time="13.735"/>
  <testcase classname="testscript.ManageFooterTest" name="validateUpdatebtnInManageFooterPage" time="14.807"/>
</testsuite> <!-- testscript.ManageFooterTest -->
