<?xml version="1.0" encoding="UTF-8"?>
<!-- Generated by org.testng.reporters.JUnitReportReporter -->
<testsuite hostname="DESKTOP-JCNBK9Q" failures="0" tests="2" name="testscript.ManageNewsTest" time="7.702" errors="0" timestamp="2025-09-18T18:37:06 IST" skipped="0">
  <testcase classname="testscript.ManageNewsTest" name="verifyUserisAbleToAccessManageNewsPage" time="3.484"/>
  <testcase classname="testscript.ManageNewsTest" name="validateSaveBtnInManageNews" time="4.218"/>
</testsuite> <!-- testscript.ManageNewsTest -->
