<?xml version="1.0" encoding="UTF-8"?>
<!-- Generated by org.testng.reporters.JUnitReportReporter -->
<testsuite hostname="DESKTOP-JCNBK9Q" failures="0" tests="1" name="testscript.ManageCategoryTest" time="5.697" errors="0" timestamp="2025-09-18T18:37:06 IST" skipped="0">
  <testcase classname="testscript.ManageCategoryTest" name="verifyuserIsAbleToAccessManageCategoryPage" time="5.697"/>
</testsuite> <!-- testscript.ManageCategoryTest -->
