<?xml version="1.0" encoding="UTF-8"?>
<!-- Generated by org.testng.reporters.JUnitReportReporter -->
<testsuite hostname="DESKTOP-JCNBK9Q" failures="0" tests="2" name="testscript.ManageFooterTest" time="6.321" errors="0" timestamp="2025-09-11T11:52:23 IST" skipped="0">
  <testcase classname="testscript.ManageFooterTest" name="verifyUserIsAbletoAccessManageFooterPage" time="2.997"/>
  <testcase classname="testscript.ManageFooterTest" name="validateUpdatebtnInManageFooterPage" time="3.324"/>
</testsuite> <!-- testscript.ManageFooterTest -->
