<?xml version="1.0" encoding="UTF-8"?>
<!-- Generated by org.testng.reporters.JUnitReportReporter -->
<testsuite hostname="DESKTOP-JCNBK9Q" failures="0" tests="1" name="testscript.ManageNewsTest" time="6.529" errors="0" timestamp="2025-09-10T13:33:56 IST" skipped="0">
  <testcase classname="testscript.ManageNewsTest" name="verifyUserisAbleToAccessManageNewsPage" time="6.529"/>
</testsuite> <!-- testscript.ManageNewsTest -->
