<?xml version="1.0" encoding="UTF-8"?>
<!-- Generated by org.testng.reporters.JUnitReportReporter -->
<testsuite hostname="DESKTOP-JCNBK9Q" failures="0" tests="2" name="testscript.ManageContactTest" time="7.787" errors="0" timestamp="2025-09-18T18:37:06 IST" skipped="0">
  <testcase classname="testscript.ManageContactTest" name="validateUpdateBtnInManageContact" time="2.999"/>
  <testcase classname="testscript.ManageContactTest" name="verifyUserisAbleToAccessManageContactPage" time="4.788"/>
</testsuite> <!-- testscript.ManageContactTest -->
