<?xml version="1.0" encoding="UTF-8"?>
<!-- Generated by org.testng.reporters.JUnitReportReporter -->
<testsuite hostname="DESKTOP-JCNBK9Q" failures="0" tests="2" name="testscript.ManageNewsTest" time="13.644" errors="0" timestamp="2025-09-19T15:10:38 IST" skipped="0">
  <testcase classname="testscript.ManageNewsTest" name="verifyUserisAbleToAccessManageNewsPage" time="6.679"/>
  <testcase classname="testscript.ManageNewsTest" name="validateSaveBtnInManageNews" time="6.965"/>
</testsuite> <!-- testscript.ManageNewsTest -->
