<?xml version="1.0" encoding="UTF-8"?>
<!-- Generated by org.testng.reporters.JUnitReportReporter -->
<testsuite hostname="DESKTOP-JCNBK9Q" failures="0" tests="2" name="testscript.ManageFooterTest" time="12.812" errors="0" timestamp="2025-09-10T13:33:56 IST" skipped="0">
  <testcase classname="testscript.ManageFooterTest" name="validateUpdatebtnInManageFooterPage" time="5.971"/>
  <testcase classname="testscript.ManageFooterTest" name="verifyUserIsAbletoAccessManageFooterPage" time="6.841"/>
</testsuite> <!-- testscript.ManageFooterTest -->
