<?xml version="1.0" encoding="UTF-8"?>
<!-- Generated by org.testng.reporters.JUnitReportReporter -->
<testsuite hostname="DESKTOP-JCNBK9Q" failures="0" tests="1" name="testscript.ManageFooterTest" time="4.890" errors="0" timestamp="2025-09-12T15:01:16 IST" skipped="0">
  <testcase classname="testscript.ManageFooterTest" name="verifyUserIsAbletoAccessManageFooterPage" time="4.890"/>
</testsuite> <!-- testscript.ManageFooterTest -->
