<?xml version="1.0" encoding="UTF-8"?>
<!-- Generated by org.testng.reporters.JUnitReportReporter -->
<testsuite hostname="DESKTOP-JCNBK9Q" failures="0" tests="3" name="testscript.AdminUserTest" time="21.316" errors="0" timestamp="2025-09-18T18:37:06 IST" skipped="2">
  <testcase classname="testscript.AdminUserTest" name="verifyUserIsAbletoClickAdminUser" time="8.910">
    <skipped/>
  </testcase> <!-- verifyUserIsAbletoClickAdminUser -->
  <testcase classname="testscript.AdminUserTest" name="verifyUserIsAbletoClickAdminUser" time="8.614">
    <skipped/>
  </testcase> <!-- verifyUserIsAbletoClickAdminUser -->
  <testcase classname="testscript.AdminUserTest" name="verifyUserIsAbletoClickAdminUser" time="3.792"/>
</testsuite> <!-- testscript.AdminUserTest -->
