<?xml version="1.0" encoding="UTF-8"?>
<!-- Generated by org.testng.reporters.JUnitReportReporter -->
<testsuite hostname="DESKTOP-JCNBK9Q" failures="0" tests="2" name="testscript.ManageContactTest" time="6.873" errors="0" timestamp="2025-09-11T11:47:18 IST" skipped="0">
  <testcase classname="testscript.ManageContactTest" name="validateUpdateBtnInManageContact" time="3.336"/>
  <testcase classname="testscript.ManageContactTest" name="verifyUserisAbleToAccessManageContactPage" time="3.537"/>
</testsuite> <!-- testscript.ManageContactTest -->
