<?xml version="1.0" encoding="UTF-8"?>
<!-- Generated by org.testng.reporters.JUnitReportReporter -->
<testsuite hostname="DESKTOP-JCNBK9Q" failures="0" tests="2" name="testscript.LogOutTest" time="15.892" errors="0" timestamp="2025-09-11T08:43:32 IST" skipped="0">
  <testcase classname="testscript.LogOutTest" name="verifyUserisAbleToLout" time="2.430"/>
  <testcase classname="testscript.LogOutTest" name="verifyUserisAbleToLout" time="13.462"/>
</testsuite> <!-- testscript.LogOutTest -->
