<?xml version="1.0" encoding="UTF-8"?>
<!-- Generated by org.testng.reporters.JUnitReportReporter -->
<testsuite hostname="DESKTOP-JCNBK9Q" failures="0" tests="2" name="testscript.AdminUserTest" time="17.384" errors="0" timestamp="2025-09-11T08:43:33 IST" skipped="0">
  <testcase classname="testscript.AdminUserTest" name="verifyUserIsAbletoClickAdminUser" time="3.542"/>
  <testcase classname="testscript.AdminUserTest" name="verifyUserIsAbletoClickAdminUser" time="13.842"/>
</testsuite> <!-- testscript.AdminUserTest -->
