<?xml version="1.0" encoding="UTF-8"?>
<!-- Generated by org.testng.reporters.JUnitReportReporter -->
<testsuite hostname="DESKTOP-JCNBK9Q" failures="0" tests="1" name="testscript.ManageCategoryTest" time="6.935" errors="0" timestamp="2025-09-19T14:50:21 IST" skipped="0">
  <testcase classname="testscript.ManageCategoryTest" name="verifyuserIsAbleToAccessManageCategoryPage" time="6.935"/>
</testsuite> <!-- testscript.ManageCategoryTest -->
