<?xml version="1.0" encoding="UTF-8"?>
<!-- Generated by org.testng.reporters.JUnitReportReporter -->
<testsuite hostname="DESKTOP-JCNBK9Q" failures="0" tests="1" name="testscript.LogOutTest" time="11.879" errors="0" timestamp="2025-09-18T20:59:12 IST" skipped="0">
  <testcase classname="testscript.LogOutTest" name="verifyUserisAbleToLout" time="11.879"/>
</testsuite> <!-- testscript.LogOutTest -->
